20120921room104script1take2.mfc.oracle
alert	0.110134912068507
clearthroat	0.0206402045017823
cough	0.0176268831979756
doorslam	0.0409218033634246
drawer	0.119299119771104
keyboard	0.0543415653211045
keys	0.023673524378591
knock	0.0423853450086191
laughter	0.0439861370045364
mouse	0.0308524523880751
pageturn	0.0883620739729754
pendrop	0.0107558426683246
phone	0.0318755606586331
printer	0.0252819449085999
speech	0.0242271053312007
switch	0.00216688026280032
bg	0.313468645193746
55 148
328 353
409 420
479 503
669 734
869 988
1022 1202
1223 1246
1280 1302
1325 1542
1548 1574
1586 2055
2067 2308
2310 2395
2398 2554
2556 2642
2651 2684
2711 2751
2753 2791
2807 2819
2851 2905
2972 2986
2989 3003
3005 3051
3071 3083
3101 3113
3139 3226
3295 3351
3722 3734
3778 3819
3840 3876
3923 4110
4182 4282
4311 4399
4423 4602
4694 4818
4837 4860
4872 4885
4930 5074
5236 5251
5725 5743
5921 5976
5996 6010
6084 6112
6128 6351
6393 6404
6406 6530
6579 6604
6797 6809
7175 7192
7232 7352
7428 7480
7523 7602
7649 7741
7844 7861
7876 7903
7919 7980
8002 8046
8059 8101
8121 8173
8370 8431
8587 8666
8773 8849
9001 9109
9154 9177
9232 9375
9485 9497
9653 9682
9795 9843
9846 9973
9989 10008
10076 10102
10170 10191
10274 10301
10320 10539
10625 10791
10811 10834
10838 10931
10952 11032
11036 11133
11172 11319
11375 11404
11425 11449
11500 11626
11643 11807
11820 11831
11850 11877
11895 11993
12010 12022
12072 12084
12191 12241
12247 12258
12280 12476
12478 12489
12526 12659
12846 12858
12889 12911
13019 13044
13076 13372
13555 13571
13588 13811
13844 13875
13918 13945
13957 13978
13989 14173
14185 14220
14251 14281
14306 14340
